生成启动时间为 2016/6/2 14:57:39。
     1>项目“D:\PROJECTS\getpng_stitching.git\trunk\getpng\getpng.vcxproj”在节点 2 上(Build 个目标)。
     1>PrepareForBuild:
         正在创建目录“D:\PROJECTS\getpng_stitching.git\trunk\x64\Debug\”。
       InitializeBuildStatus:
         正在创建“x64\Debug\getpng.unsuccessfulbuild”，因为已指定“AlwaysCreate”。
       ClCompile:
         D:\Program Files (x86)\Microsoft Visual Studio 11.0\VC\bin\x86_amd64\CL.exe /c /Zi /nologo /W3 /WX- /Od /D WIN32 /D _DEBUG /D _CONSOLE /D _UNICODE /D UNICODE /Gm /EHsc /RTC1 /MDd /GS /fp:precise /Zc:wchar_t /Zc:forScope /Fo"x64\Debug\\" /Fd"x64\Debug\vc110.pdb" /Gd /TP /errorReport:prompt getpng.cpp
         getpng.cpp
     1>D:\opencv\build\include\opencv2/core/mat.hpp(1965): warning C4819: 该文件包含不能在当前代码页(936)中表示的字符。请将该文件保存为 Unicode 格式以防止数据丢失
     1>D:\opencv\build\include\opencv2/core/persistence.hpp : warning C4819: 该文件包含不能在当前代码页(936)中表示的字符。请将该文件保存为 Unicode 格式以防止数据丢失
     1>D:\opencv\build\include\opencv2/core/utility.hpp : warning C4819: 该文件包含不能在当前代码页(936)中表示的字符。请将该文件保存为 Unicode 格式以防止数据丢失
     1>getpng.cpp(20): warning C4267: “初始化”: 从“size_t”转换到“int”，可能丢失数据
     1>getpng.cpp(23): warning C4996: 'access': The POSIX name for this item is deprecated. Instead, use the ISO C++ conformant name: _access. See online help for details.
                 D:\Program Files (x86)\Microsoft Visual Studio 11.0\VC\include\io.h(302) : 参见“access”的声明
     1>getpng.cpp(25): warning C4996: 'mkdir': The POSIX name for this item is deprecated. Instead, use the ISO C++ conformant name: _mkdir. See online help for details.
                 D:\Program Files (x86)\Microsoft Visual Studio 11.0\VC\include\direct.h(140) : 参见“mkdir”的声明
     1>getpng.cpp(46): warning C4244: “初始化”: 从“double”转换到“int”，可能丢失数据
       Link:
         D:\Program Files (x86)\Microsoft Visual Studio 11.0\VC\bin\x86_amd64\link.exe /ERRORREPORT:PROMPT /OUT:"D:\PROJECTS\getpng_stitching.git\trunk\x64\Debug\getpng.exe" /INCREMENTAL /NOLOGO opencv_ts300d.lib opencv_world300d.lib kernel32.lib user32.lib gdi32.lib winspool.lib comdlg32.lib advapi32.lib shell32.lib ole32.lib oleaut32.lib uuid.lib odbc32.lib odbccp32.lib /MANIFEST /MANIFESTUAC:"level='asInvoker' uiAccess='false'" /manifest:embed /DEBUG /PDB:"D:\PROJECTS\getpng_stitching.git\trunk\x64\Debug\getpng.pdb" /SUBSYSTEM:CONSOLE /TLBID:1 /DYNAMICBASE /NXCOMPAT /IMPLIB:"D:\PROJECTS\getpng_stitching.git\trunk\x64\Debug\getpng.lib" /MACHINE:X64 x64\Debug\getpng.obj
         getpng.vcxproj -> D:\PROJECTS\getpng_stitching.git\trunk\x64\Debug\getpng.exe
       FinalizeBuildStatus:
         正在删除文件“x64\Debug\getpng.unsuccessfulbuild”。
         正在对“x64\Debug\getpng.lastbuildstate”执行 Touch 任务。
     1>已完成生成项目“D:\PROJECTS\getpng_stitching.git\trunk\getpng\getpng.vcxproj”(Build 个目标)的操作。

生成成功。

已用时间 00:00:02.04
