D:\PROJECTS\GETPNG_STITCHING.GIT\TRUNK\STITCHING\X64\DEBUG\STITCHING.OBJ
D:\PROJECTS\GETPNG_STITCHING.GIT\TRUNK\STITCHING\X64\DEBUG\VC110.PDB
D:\PROJECTS\GETPNG_STITCHING.GIT\TRUNK\X64\DEBUG\STITCHING.ILK
D:\PROJECTS\GETPNG_STITCHING.GIT\TRUNK\X64\DEBUG\STITCHING.EXE
D:\PROJECTS\GETPNG_STITCHING.GIT\TRUNK\X64\DEBUG\STITCHING.PDB
D:\PROJECTS\getpng_stitching.git\trunk\stitching\x64\Debug\stitching.obj
D:\PROJECTS\getpng_stitching.git\trunk\stitching\x64\Debug\cl.command.1.tlog
D:\PROJECTS\getpng_stitching.git\trunk\stitching\x64\Debug\CL.read.1.tlog
D:\PROJECTS\getpng_stitching.git\trunk\stitching\x64\Debug\CL.write.1.tlog
D:\PROJECTS\getpng_stitching.git\trunk\stitching\x64\Debug\link-cvtres.read.1.tlog
D:\PROJECTS\getpng_stitching.git\trunk\stitching\x64\Debug\link-cvtres.write.1.tlog
D:\PROJECTS\getpng_stitching.git\trunk\stitching\x64\Debug\link-rc.read.1.tlog
D:\PROJECTS\getpng_stitching.git\trunk\stitching\x64\Debug\link-rc.write.1.tlog
D:\PROJECTS\getpng_stitching.git\trunk\stitching\x64\Debug\link.command.1.tlog
D:\PROJECTS\getpng_stitching.git\trunk\stitching\x64\Debug\link.read.1.tlog
D:\PROJECTS\getpng_stitching.git\trunk\stitching\x64\Debug\link.write.1.tlog
D:\PROJECTS\getpng_stitching.git\trunk\stitching\x64\Debug\vc110.idb
D:\PROJECTS\getpng_stitching.git\trunk\stitching\x64\Debug\vc110.pdb
D:\PROJECTS\getpng_stitching.git\trunk\x64\Debug\stitching.pdb
D:\PROJECTS\getpng_stitching.git\trunk\x64\Debug\stitching.exe
D:\PROJECTS\getpng_stitching.git\trunk\x64\Debug\stitching.ilk
