生成启动时间为 2016/6/2 14:57:24。
     1>项目“D:\PROJECTS\getpng_stitching.git\trunk\getpng\getpng.vcxproj”在节点 2 上(Build 个目标)。
     1>InitializeBuildStatus:
         正在对“Debug\getpng.unsuccessfulbuild”执行 Touch 任务。
       ClCompile:
         D:\Program Files (x86)\Microsoft Visual Studio 11.0\VC\bin\CL.exe /c /ZI /nologo /W3 /WX- /Od /Oy- /D WIN32 /D _DEBUG /D _CONSOLE /D _UNICODE /D UNICODE /Gm /EHsc /RTC1 /MDd /GS /fp:precise /Zc:wchar_t /Zc:forScope /Fo"Debug\\" /Fd"Debug\vc110.pdb" /Gd /TP /analyze- /errorReport:prompt getpng.cpp
         getpng.cpp
     1>d:\opencv\build\include\opencv2\core\mat.hpp(1965): warning C4819: 该文件包含不能在当前代码页(936)中表示的字符。请将该文件保存为 Unicode 格式以防止数据丢失
     1>d:\opencv\build\include\opencv2\core\persistence.hpp : warning C4819: 该文件包含不能在当前代码页(936)中表示的字符。请将该文件保存为 Unicode 格式以防止数据丢失
     1>d:\opencv\build\include\opencv2\core\utility.hpp : warning C4819: 该文件包含不能在当前代码页(936)中表示的字符。请将该文件保存为 Unicode 格式以防止数据丢失
     1>d:\projects\getpng_stitching.git\trunk\getpng\getpng.cpp(23): warning C4996: 'access': The POSIX name for this item is deprecated. Instead, use the ISO C++ conformant name: _access. See online help for details.
                 d:\program files (x86)\microsoft visual studio 11.0\vc\include\io.h(302) : 参见“access”的声明
     1>d:\projects\getpng_stitching.git\trunk\getpng\getpng.cpp(25): warning C4996: 'mkdir': The POSIX name for this item is deprecated. Instead, use the ISO C++ conformant name: _mkdir. See online help for details.
                 d:\program files (x86)\microsoft visual studio 11.0\vc\include\direct.h(140) : 参见“mkdir”的声明
     1>d:\projects\getpng_stitching.git\trunk\getpng\getpng.cpp(46): warning C4244: “初始化”: 从“double”转换到“int”，可能丢失数据
       Link:
         D:\Program Files (x86)\Microsoft Visual Studio 11.0\VC\bin\link.exe /ERRORREPORT:PROMPT /OUT:"D:\PROJECTS\getpng_stitching.git\trunk\Debug\getpng.exe" /INCREMENTAL /NOLOGO opencv_ts300d.lib opencv_world300d.lib kernel32.lib user32.lib gdi32.lib winspool.lib comdlg32.lib advapi32.lib shell32.lib ole32.lib oleaut32.lib uuid.lib odbc32.lib odbccp32.lib /MANIFEST /MANIFESTUAC:"level='asInvoker' uiAccess='false'" /manifest:embed /DEBUG /PDB:"D:\PROJECTS\getpng_stitching.git\trunk\Debug\getpng.pdb" /SUBSYSTEM:CONSOLE /TLBID:1 /DYNAMICBASE /NXCOMPAT /IMPLIB:"D:\PROJECTS\getpng_stitching.git\trunk\Debug\getpng.lib" /MACHINE:X86 Debug\getpng.obj
     1>opencv_world300d.lib(opencv_world300d.dll) : fatal error LNK1112: 模块计算机类型“x64”与目标计算机类型“X86”冲突
     1>已完成生成项目“D:\PROJECTS\getpng_stitching.git\trunk\getpng\getpng.vcxproj”(Build 个目标)的操作 - 失败。

生成失败。

已用时间 00:00:01.96
